0 info it worked if it ends with ok
1 verbose cli [ 'node', '/usr/local/bin/npm', 'start' ]
2 info using npm@3.3.6
3 info using node@v0.12.0
4 verbose run-script [ 'prestart', 'start', 'poststart' ]
5 info lifecycle mean_experiment@1.0.0~prestart: mean_experiment@1.0.0
6 silly lifecycle mean_experiment@1.0.0~prestart: no script for prestart, continuing
7 info lifecycle mean_experiment@1.0.0~start: mean_experiment@1.0.0
8 verbose lifecycle mean_experiment@1.0.0~start: unsafe-perm in lifecycle true
9 verbose lifecycle mean_experiment@1.0.0~start: PATH: /usr/local/lib/node_modules/npm/bin/node-gyp-bin:/Users/gmiller/git/mean_experiment/node_modules/.bin:/Users/gmiller/.rbenv/shims:/Users/gmiller/.rbenv/bin:/usr/bin:/usr/local/bin:/usr/local/bin:/usr/bin:/bin:/usr/sbin:/sbin:/opt/X11/bin:/Users/gmiller/.rbenv/shims:/Users/gmiller/.rbenv/bin:/usr/local/mongodb/bin
10 verbose lifecycle mean_experiment@1.0.0~start: CWD: /Users/gmiller/git/mean_experiment
11 silly lifecycle mean_experiment@1.0.0~start: Args: [ '-c', 'node server.js' ]
12 silly lifecycle mean_experiment@1.0.0~start: Returned: code: 1  signal: null
13 info lifecycle mean_experiment@1.0.0~start: Failed to exec start script
14 verbose stack Error: mean_experiment@1.0.0 start: `node server.js`
14 verbose stack Exit status 1
14 verbose stack     at EventEmitter.<anonymous> (/usr/local/lib/node_modules/npm/lib/utils/lifecycle.js:233:16)
14 verbose stack     at EventEmitter.emit (events.js:110:17)
14 verbose stack     at ChildProcess.<anonymous> (/usr/local/lib/node_modules/npm/lib/utils/spawn.js:24:14)
14 verbose stack     at ChildProcess.emit (events.js:110:17)
14 verbose stack     at maybeClose (child_process.js:1008:16)
14 verbose stack     at Process.ChildProcess._handle.onexit (child_process.js:1080:5)
15 verbose pkgid mean_experiment@1.0.0
16 verbose cwd /Users/gmiller/git/mean_experiment
17 error Darwin 14.5.0
18 error argv "node" "/usr/local/bin/npm" "start"
19 error node v0.12.0
20 error npm  v3.3.6
21 error code ELIFECYCLE
22 error mean_experiment@1.0.0 start: `node server.js`
22 error Exit status 1
23 error Failed at the mean_experiment@1.0.0 start script 'node server.js'.
23 error This is most likely a problem with the mean_experiment package,
23 error not with npm itself.
23 error Tell the author that this fails on your system:
23 error     node server.js
23 error You can get their info via:
23 error     npm owner ls mean_experiment
23 error There is likely additional logging output above.
24 verbose exit [ 1, true ]
